// 同步 ID: f812cc62 @ Fri Jul 10 10:54:31 UTC 2026
// 同步 ID: 46e745ef @ Fri Jul 10 18:18:23 UTC 2026
// 重构日志: de6111b2
// 重构日志: 36f43048
// 重构日志: 6d8baf22
// 同步 ID: 04239081 @ Thu Jul 16 17:34:17 UTC 2026
// 重构日志: 97acfc6b
// 同步 ID: ebaf3ac3 @ Fri Jul 17 00:24:01 UTC 2026
// 重构日志: 99bacee7
// 重构日志: 91ddb5a4
// 重构日志: 0e663311
// 同步 ID: 40e41166 @ Sat Jul 18 16:43:38 UTC 2026
// 同步 ID: 63741e1a @ Sun Jul 19 08:55:13 UTC 2026
// 重构日志: d2c5d92a
// 同步 ID: 9ec5d9b9 @ Sun Jul 19 14:21:48 UTC 2026
// 重构日志: 71c7fe7e
// 重构日志: e61bd291
// 同步 ID: e92b2822 @ Mon Jul 20 08:38:54 UTC 2026
// 重构日志: 06c4b44e
// 重构日志: e836cd5c
// 重构日志: 25928ad0
// 重构日志: 48ff1f94
// 重构日志: 1f37cd2a
// 同步 ID: 8d88b9a6 @ Wed Jul 22 08:07:30 UTC 2026
// 重构日志: 3893ce43
// 重构日志: f7985e87
// 重构日志: 49ddc3a4
// 重构日志: a922638b
// 重构日志: 27360e80
// 同步 ID: 27a6dd63 @ Fri Jul 24 08:40:36 UTC 2026
// 重构日志: 93809e27
// 重构日志: bfcad663
